{"/home/zpeng/zpeng/sailsSample/api/responses/badRequest.js":{"path":"/home/zpeng/zpeng/sailsSample/api/responses/badRequest.js","s":{"1":1,"2":0,"3":0,"4":0,"5":0,"6":0,"7":0,"8":0,"9":0,"10":0,"11":0,"12":0,"13":0,"14":0,"15":0,"16":0,"17":0},"b":{"1":[0,0],"2":[0,0],"3":[0,0],"4":[0,0],"5":[0,0],"6":[0,0]},"f":{"1":0,"2":0},"fnMap":{"1":{"name":"badRequest","line":20,"loc":{"start":{"line":20,"column":17},"end":{"line":20,"column":52}}},"2":{"name":"couldNotGuessView","line":60,"loc":{"start":{"line":60,"column":44},"end":{"line":60,"column":73}}}},"statementMap":{"1":{"start":{"line":20,"column":0},"end":{"line":63,"column":2}},"2":{"start":{"line":23,"column":2},"end":{"line":23,"column":21}},"3":{"start":{"line":24,"column":2},"end":{"line":24,"column":21}},"4":{"start":{"line":25,"column":2},"end":{"line":25,"column":25}},"5":{"start":{"line":28,"column":2},"end":{"line":28,"column":18}},"6":{"start":{"line":31,"column":2},"end":{"line":33,"column":67}},"7":{"start":{"line":32,"column":4},"end":{"line":32,"column":72}},"8":{"start":{"line":33,"column":9},"end":{"line":33,"column":67}},"9":{"start":{"line":38,"column":2},"end":{"line":40,"column":3}},"10":{"start":{"line":39,"column":4},"end":{"line":39,"column":21}},"11":{"start":{"line":43,"column":2},"end":{"line":45,"column":3}},"12":{"start":{"line":44,"column":4},"end":{"line":44,"column":27}},"13":{"start":{"line":49,"column":2},"end":{"line":49,"column":76}},"14":{"start":{"line":54,"column":2},"end":{"line":62,"column":7}},"15":{"start":{"line":55,"column":4},"end":{"line":55,"column":50}},"16":{"start":{"line":60,"column":7},"end":{"line":62,"column":7}},"17":{"start":{"line":61,"column":6},"end":{"line":61,"column":29}}},"branchMap":{"1":{"line":31,"type":"if","locations":[{"start":{"line":31,"column":2},"end":{"line":31,"column":2}},{"start":{"line":31,"column":2},"end":{"line":31,"column":2}}]},"2":{"line":38,"type":"if","locations":[{"start":{"line":38,"column":2},"end":{"line":38,"column":2}},{"start":{"line":38,"column":2},"end":{"line":38,"column":2}}]},"3":{"line":43,"type":"if","locations":[{"start":{"line":43,"column":2},"end":{"line":43,"column":2}},{"start":{"line":43,"column":2},"end":{"line":43,"column":2}}]},"4":{"line":49,"type":"cond-expr","locations":[{"start":{"line":49,"column":42},"end":{"line":49,"column":59}},{"start":{"line":49,"column":62},"end":{"line":49,"column":75}}]},"5":{"line":49,"type":"binary-expr","locations":[{"start":{"line":49,"column":62},"end":{"line":49,"column":69}},{"start":{"line":49,"column":73},"end":{"line":49,"column":75}}]},"6":{"line":54,"type":"if","locations":[{"start":{"line":54,"column":2},"end":{"line":54,"column":2}},{"start":{"line":54,"column":2},"end":{"line":54,"column":2}}]}}},"/home/zpeng/zpeng/sailsSample/api/responses/forbidden.js":{"path":"/home/zpeng/zpeng/sailsSample/api/responses/forbidden.js","s":{"1":1,"2":0,"3":0,"4":0,"5":0,"6":0,"7":0,"8":0,"9":0,"10":0,"11":0,"12":0,"13":0,"14":0,"15":0,"16":0,"17":0,"18":0,"19":0,"20":0,"21":0,"22":0},"b":{"1":[0,0],"2":[0,0],"3":[0,0],"4":[0,0],"5":[0,0],"6":[0,0],"7":[0,0],"8":[0,0]},"f":{"1":0,"2":0},"fnMap":{"1":{"name":"forbidden","line":17,"loc":{"start":{"line":17,"column":17},"end":{"line":17,"column":51}}},"2":{"name":"(anonymous_2)","line":57,"loc":{"start":{"line":57,"column":46},"end":{"line":57,"column":67}}}},"statementMap":{"1":{"start":{"line":17,"column":0},"end":{"line":76,"column":2}},"2":{"start":{"line":20,"column":2},"end":{"line":20,"column":21}},"3":{"start":{"line":21,"column":2},"end":{"line":21,"column":21}},"4":{"start":{"line":22,"column":2},"end":{"line":22,"column":25}},"5":{"start":{"line":25,"column":2},"end":{"line":25,"column":18}},"6":{"start":{"line":28,"column":2},"end":{"line":30,"column":65}},"7":{"start":{"line":29,"column":4},"end":{"line":29,"column":70}},"8":{"start":{"line":30,"column":9},"end":{"line":30,"column":65}},"9":{"start":{"line":35,"column":2},"end":{"line":37,"column":3}},"10":{"start":{"line":36,"column":4},"end":{"line":36,"column":21}},"11":{"start":{"line":40,"column":2},"end":{"line":42,"column":3}},"12":{"start":{"line":41,"column":4},"end":{"line":41,"column":27}},"13":{"start":{"line":46,"column":2},"end":{"line":46,"column":76}},"14":{"start":{"line":51,"column":2},"end":{"line":75,"column":7}},"15":{"start":{"line":52,"column":4},"end":{"line":52,"column":50}},"16":{"start":{"line":57,"column":7},"end":{"line":75,"column":7}},"17":{"start":{"line":60,"column":6},"end":{"line":72,"column":7}},"18":{"start":{"line":64,"column":8},"end":{"line":70,"column":11}},"19":{"start":{"line":65,"column":10},"end":{"line":65,"column":127}},"20":{"start":{"line":69,"column":12},"end":{"line":69,"column":149}},"21":{"start":{"line":71,"column":8},"end":{"line":71,"column":31}},"22":{"start":{"line":74,"column":6},"end":{"line":74,"column":28}}},"branchMap":{"1":{"line":28,"type":"if","locations":[{"start":{"line":28,"column":2},"end":{"line":28,"column":2}},{"start":{"line":28,"column":2},"end":{"line":28,"column":2}}]},"2":{"line":35,"type":"if","locations":[{"start":{"line":35,"column":2},"end":{"line":35,"column":2}},{"start":{"line":35,"column":2},"end":{"line":35,"column":2}}]},"3":{"line":40,"type":"if","locations":[{"start":{"line":40,"column":2},"end":{"line":40,"column":2}},{"start":{"line":40,"column":2},"end":{"line":40,"column":2}}]},"4":{"line":46,"type":"cond-expr","locations":[{"start":{"line":46,"column":42},"end":{"line":46,"column":59}},{"start":{"line":46,"column":62},"end":{"line":46,"column":75}}]},"5":{"line":46,"type":"binary-expr","locations":[{"start":{"line":46,"column":62},"end":{"line":46,"column":69}},{"start":{"line":46,"column":73},"end":{"line":46,"column":75}}]},"6":{"line":51,"type":"if","locations":[{"start":{"line":51,"column":2},"end":{"line":51,"column":2}},{"start":{"line":51,"column":2},"end":{"line":51,"column":2}}]},"7":{"line":60,"type":"if","locations":[{"start":{"line":60,"column":6},"end":{"line":60,"column":6}},{"start":{"line":60,"column":6},"end":{"line":60,"column":6}}]},"8":{"line":64,"type":"if","locations":[{"start":{"line":64,"column":8},"end":{"line":64,"column":8}},{"start":{"line":64,"column":8},"end":{"line":64,"column":8}}]}}},"/home/zpeng/zpeng/sailsSample/api/responses/notFound.js":{"path":"/home/zpeng/zpeng/sailsSample/api/responses/notFound.js","s":{"1":1,"2":0,"3":0,"4":0,"5":0,"6":0,"7":0,"8":0,"9":0,"10":0,"11":0,"12":0,"13":0,"14":0,"15":0,"16":0,"17":0,"18":0,"19":0,"20":0,"21":0,"22":0},"b":{"1":[0,0],"2":[0,0],"3":[0,0],"4":[0,0],"5":[0,0],"6":[0,0],"7":[0,0],"8":[0,0]},"f":{"1":0,"2":0},"fnMap":{"1":{"name":"notFound","line":22,"loc":{"start":{"line":22,"column":17},"end":{"line":22,"column":50}}},"2":{"name":"(anonymous_2)","line":62,"loc":{"start":{"line":62,"column":46},"end":{"line":62,"column":67}}}},"statementMap":{"1":{"start":{"line":22,"column":0},"end":{"line":81,"column":2}},"2":{"start":{"line":25,"column":2},"end":{"line":25,"column":21}},"3":{"start":{"line":26,"column":2},"end":{"line":26,"column":21}},"4":{"start":{"line":27,"column":2},"end":{"line":27,"column":25}},"5":{"start":{"line":30,"column":2},"end":{"line":30,"column":18}},"6":{"start":{"line":33,"column":2},"end":{"line":35,"column":65}},"7":{"start":{"line":34,"column":4},"end":{"line":34,"column":70}},"8":{"start":{"line":35,"column":9},"end":{"line":35,"column":65}},"9":{"start":{"line":40,"column":2},"end":{"line":42,"column":3}},"10":{"start":{"line":41,"column":4},"end":{"line":41,"column":21}},"11":{"start":{"line":45,"column":2},"end":{"line":47,"column":3}},"12":{"start":{"line":46,"column":4},"end":{"line":46,"column":27}},"13":{"start":{"line":51,"column":2},"end":{"line":51,"column":76}},"14":{"start":{"line":56,"column":2},"end":{"line":80,"column":7}},"15":{"start":{"line":57,"column":4},"end":{"line":57,"column":50}},"16":{"start":{"line":62,"column":7},"end":{"line":80,"column":7}},"17":{"start":{"line":65,"column":6},"end":{"line":77,"column":7}},"18":{"start":{"line":69,"column":8},"end":{"line":75,"column":11}},"19":{"start":{"line":70,"column":10},"end":{"line":70,"column":126}},"20":{"start":{"line":74,"column":12},"end":{"line":74,"column":148}},"21":{"start":{"line":76,"column":8},"end":{"line":76,"column":31}},"22":{"start":{"line":79,"column":6},"end":{"line":79,"column":28}}},"branchMap":{"1":{"line":33,"type":"if","locations":[{"start":{"line":33,"column":2},"end":{"line":33,"column":2}},{"start":{"line":33,"column":2},"end":{"line":33,"column":2}}]},"2":{"line":40,"type":"if","locations":[{"start":{"line":40,"column":2},"end":{"line":40,"column":2}},{"start":{"line":40,"column":2},"end":{"line":40,"column":2}}]},"3":{"line":45,"type":"if","locations":[{"start":{"line":45,"column":2},"end":{"line":45,"column":2}},{"start":{"line":45,"column":2},"end":{"line":45,"column":2}}]},"4":{"line":51,"type":"cond-expr","locations":[{"start":{"line":51,"column":42},"end":{"line":51,"column":59}},{"start":{"line":51,"column":62},"end":{"line":51,"column":75}}]},"5":{"line":51,"type":"binary-expr","locations":[{"start":{"line":51,"column":62},"end":{"line":51,"column":69}},{"start":{"line":51,"column":73},"end":{"line":51,"column":75}}]},"6":{"line":56,"type":"if","locations":[{"start":{"line":56,"column":2},"end":{"line":56,"column":2}},{"start":{"line":56,"column":2},"end":{"line":56,"column":2}}]},"7":{"line":65,"type":"if","locations":[{"start":{"line":65,"column":6},"end":{"line":65,"column":6}},{"start":{"line":65,"column":6},"end":{"line":65,"column":6}}]},"8":{"line":69,"type":"if","locations":[{"start":{"line":69,"column":8},"end":{"line":69,"column":8}},{"start":{"line":69,"column":8},"end":{"line":69,"column":8}}]}}},"/home/zpeng/zpeng/sailsSample/api/responses/ok.js":{"path":"/home/zpeng/zpeng/sailsSample/api/responses/ok.js","s":{"1":1,"2":1,"3":1,"4":1,"5":1,"6":1,"7":1,"8":1,"9":0,"10":0,"11":0,"12":0,"13":0},"b":{"1":[1,0],"2":[0,0],"3":[0,0],"4":[0,0]},"f":{"1":1,"2":0},"fnMap":{"1":{"name":"sendOK","line":16,"loc":{"start":{"line":16,"column":17},"end":{"line":16,"column":48}}},"2":{"name":"couldNotGuessView","line":45,"loc":{"start":{"line":45,"column":44},"end":{"line":45,"column":73}}}},"statementMap":{"1":{"start":{"line":16,"column":0},"end":{"line":48,"column":2}},"2":{"start":{"line":19,"column":2},"end":{"line":19,"column":21}},"3":{"start":{"line":20,"column":2},"end":{"line":20,"column":21}},"4":{"start":{"line":21,"column":2},"end":{"line":21,"column":25}},"5":{"start":{"line":23,"column":2},"end":{"line":23,"column":61}},"6":{"start":{"line":26,"column":2},"end":{"line":26,"column":18}},"7":{"start":{"line":29,"column":2},"end":{"line":31,"column":3}},"8":{"start":{"line":30,"column":4},"end":{"line":30,"column":27}},"9":{"start":{"line":35,"column":2},"end":{"line":35,"column":76}},"10":{"start":{"line":40,"column":2},"end":{"line":47,"column":7}},"11":{"start":{"line":41,"column":4},"end":{"line":41,"column":50}},"12":{"start":{"line":45,"column":7},"end":{"line":47,"column":7}},"13":{"start":{"line":46,"column":6},"end":{"line":46,"column":29}}},"branchMap":{"1":{"line":29,"type":"if","locations":[{"start":{"line":29,"column":2},"end":{"line":29,"column":2}},{"start":{"line":29,"column":2},"end":{"line":29,"column":2}}]},"2":{"line":35,"type":"cond-expr","locations":[{"start":{"line":35,"column":42},"end":{"line":35,"column":59}},{"start":{"line":35,"column":62},"end":{"line":35,"column":75}}]},"3":{"line":35,"type":"binary-expr","locations":[{"start":{"line":35,"column":62},"end":{"line":35,"column":69}},{"start":{"line":35,"column":73},"end":{"line":35,"column":75}}]},"4":{"line":40,"type":"if","locations":[{"start":{"line":40,"column":2},"end":{"line":40,"column":2}},{"start":{"line":40,"column":2},"end":{"line":40,"column":2}}]}}},"/home/zpeng/zpeng/sailsSample/api/responses/serverError.js":{"path":"/home/zpeng/zpeng/sailsSample/api/responses/serverError.js","s":{"1":1,"2":0,"3":0,"4":0,"5":0,"6":0,"7":0,"8":0,"9":0,"10":0,"11":0,"12":0,"13":0,"14":0,"15":0,"16":0,"17":0,"18":0,"19":0,"20":0,"21":0,"22":0},"b":{"1":[0,0],"2":[0,0],"3":[0,0],"4":[0,0],"5":[0,0],"6":[0,0],"7":[0,0],"8":[0,0]},"f":{"1":0,"2":0},"fnMap":{"1":{"name":"serverError","line":17,"loc":{"start":{"line":17,"column":17},"end":{"line":17,"column":53}}},"2":{"name":"(anonymous_2)","line":57,"loc":{"start":{"line":57,"column":46},"end":{"line":57,"column":67}}}},"statementMap":{"1":{"start":{"line":17,"column":0},"end":{"line":76,"column":2}},"2":{"start":{"line":20,"column":2},"end":{"line":20,"column":21}},"3":{"start":{"line":21,"column":2},"end":{"line":21,"column":21}},"4":{"start":{"line":22,"column":2},"end":{"line":22,"column":25}},"5":{"start":{"line":25,"column":2},"end":{"line":25,"column":18}},"6":{"start":{"line":28,"column":2},"end":{"line":30,"column":72}},"7":{"start":{"line":29,"column":4},"end":{"line":29,"column":71}},"8":{"start":{"line":30,"column":9},"end":{"line":30,"column":72}},"9":{"start":{"line":35,"column":2},"end":{"line":37,"column":3}},"10":{"start":{"line":36,"column":4},"end":{"line":36,"column":21}},"11":{"start":{"line":40,"column":2},"end":{"line":42,"column":3}},"12":{"start":{"line":41,"column":4},"end":{"line":41,"column":27}},"13":{"start":{"line":46,"column":2},"end":{"line":46,"column":76}},"14":{"start":{"line":51,"column":2},"end":{"line":75,"column":7}},"15":{"start":{"line":52,"column":4},"end":{"line":52,"column":50}},"16":{"start":{"line":57,"column":7},"end":{"line":75,"column":7}},"17":{"start":{"line":60,"column":6},"end":{"line":72,"column":7}},"18":{"start":{"line":64,"column":8},"end":{"line":70,"column":11}},"19":{"start":{"line":65,"column":10},"end":{"line":65,"column":129}},"20":{"start":{"line":69,"column":12},"end":{"line":69,"column":151}},"21":{"start":{"line":71,"column":8},"end":{"line":71,"column":31}},"22":{"start":{"line":74,"column":6},"end":{"line":74,"column":28}}},"branchMap":{"1":{"line":28,"type":"if","locations":[{"start":{"line":28,"column":2},"end":{"line":28,"column":2}},{"start":{"line":28,"column":2},"end":{"line":28,"column":2}}]},"2":{"line":35,"type":"if","locations":[{"start":{"line":35,"column":2},"end":{"line":35,"column":2}},{"start":{"line":35,"column":2},"end":{"line":35,"column":2}}]},"3":{"line":40,"type":"if","locations":[{"start":{"line":40,"column":2},"end":{"line":40,"column":2}},{"start":{"line":40,"column":2},"end":{"line":40,"column":2}}]},"4":{"line":46,"type":"cond-expr","locations":[{"start":{"line":46,"column":42},"end":{"line":46,"column":59}},{"start":{"line":46,"column":62},"end":{"line":46,"column":75}}]},"5":{"line":46,"type":"binary-expr","locations":[{"start":{"line":46,"column":62},"end":{"line":46,"column":69}},{"start":{"line":46,"column":73},"end":{"line":46,"column":75}}]},"6":{"line":51,"type":"if","locations":[{"start":{"line":51,"column":2},"end":{"line":51,"column":2}},{"start":{"line":51,"column":2},"end":{"line":51,"column":2}}]},"7":{"line":60,"type":"if","locations":[{"start":{"line":60,"column":6},"end":{"line":60,"column":6}},{"start":{"line":60,"column":6},"end":{"line":60,"column":6}}]},"8":{"line":64,"type":"if","locations":[{"start":{"line":64,"column":8},"end":{"line":64,"column":8}},{"start":{"line":64,"column":8},"end":{"line":64,"column":8}}]}}},"/home/zpeng/zpeng/sailsSample/api/services/FriendService.js":{"path":"/home/zpeng/zpeng/sailsSample/api/services/FriendService.js","s":{"1":1,"2":1,"3":0,"4":0,"5":0,"6":0,"7":0,"8":0,"9":0,"10":0,"11":0,"12":0,"13":0,"14":0,"15":0,"16":0,"17":0,"18":0,"19":0,"20":0,"21":0,"22":0,"23":0,"24":0,"25":0,"26":0,"27":0,"28":0,"29":0,"30":0,"31":0,"32":0,"33":0,"34":0,"35":0,"36":0,"37":0,"38":0,"39":0,"40":0,"41":0,"42":0,"43":0,"44":0,"45":0,"46":0,"47":0,"48":1,"49":1,"50":4,"51":4,"52":1,"53":1,"54":1,"55":1,"56":1,"57":1,"58":1,"59":1,"60":1,"61":0,"62":0,"63":0,"64":1},"b":{"1":[0,0,0,0,0],"2":[0,0,0,0,0],"3":[0,0,0,0,0],"4":[1,1,1,0,0,1]},"f":{"1":0,"2":0,"3":0,"4":0,"5":0,"6":0,"7":1,"8":4},"fnMap":{"1":{"name":"getFriend","line":9,"loc":{"start":{"line":9,"column":13},"end":{"line":9,"column":34}}},"2":{"name":"getFriend$","line":11,"loc":{"start":{"line":11,"column":36},"end":{"line":11,"column":69}}},"3":{"name":"createFriend","line":34,"loc":{"start":{"line":34,"column":16},"end":{"line":34,"column":46}}},"4":{"name":"createFriend$","line":36,"loc":{"start":{"line":36,"column":36},"end":{"line":36,"column":72}}},"5":{"name":"updateFriend","line":68,"loc":{"start":{"line":68,"column":16},"end":{"line":68,"column":46}}},"6":{"name":"updateFriend$","line":70,"loc":{"start":{"line":70,"column":36},"end":{"line":70,"column":72}}},"7":{"name":"deleteFriend","line":104,"loc":{"start":{"line":104,"column":16},"end":{"line":104,"column":43}}},"8":{"name":"deleteFriend$","line":106,"loc":{"start":{"line":106,"column":36},"end":{"line":106,"column":72}}}},"statementMap":{"1":{"start":{"line":5,"column":0},"end":{"line":5,"column":17},"skip":true},"2":{"start":{"line":7,"column":0},"end":{"line":139,"column":2}},"3":{"start":{"line":10,"column":4},"end":{"line":10,"column":20}},"4":{"start":{"line":11,"column":4},"end":{"line":31,"column":30}},"5":{"start":{"line":12,"column":6},"end":{"line":30,"column":7}},"6":{"start":{"line":12,"column":16},"end":{"line":30,"column":7}},"7":{"start":{"line":14,"column":10},"end":{"line":14,"column":31}},"8":{"start":{"line":15,"column":10},"end":{"line":15,"column":31}},"9":{"start":{"line":16,"column":10},"end":{"line":16,"column":60}},"10":{"start":{"line":19,"column":10},"end":{"line":19,"column":41}},"11":{"start":{"line":20,"column":10},"end":{"line":20,"column":59}},"12":{"start":{"line":23,"column":10},"end":{"line":23,"column":31}},"13":{"start":{"line":24,"column":10},"end":{"line":24,"column":51}},"14":{"start":{"line":25,"column":10},"end":{"line":25,"column":31}},"15":{"start":{"line":29,"column":10},"end":{"line":29,"column":36}},"16":{"start":{"line":35,"column":4},"end":{"line":35,"column":21}},"17":{"start":{"line":36,"column":4},"end":{"line":66,"column":31}},"18":{"start":{"line":37,"column":6},"end":{"line":65,"column":7}},"19":{"start":{"line":37,"column":16},"end":{"line":65,"column":7}},"20":{"start":{"line":39,"column":10},"end":{"line":39,"column":31}},"21":{"start":{"line":41,"column":10},"end":{"line":41,"column":36}},"22":{"start":{"line":42,"column":10},"end":{"line":42,"column":35}},"23":{"start":{"line":43,"column":10},"end":{"line":43,"column":35}},"24":{"start":{"line":46,"column":10},"end":{"line":46,"column":31}},"25":{"start":{"line":47,"column":10},"end":{"line":51,"column":14}},"26":{"start":{"line":54,"column":10},"end":{"line":54,"column":42}},"27":{"start":{"line":55,"column":10},"end":{"line":55,"column":60}},"28":{"start":{"line":58,"column":10},"end":{"line":58,"column":32}},"29":{"start":{"line":59,"column":10},"end":{"line":59,"column":51}},"30":{"start":{"line":60,"column":10},"end":{"line":60,"column":31}},"31":{"start":{"line":64,"column":10},"end":{"line":64,"column":36}},"32":{"start":{"line":69,"column":4},"end":{"line":69,"column":21}},"33":{"start":{"line":70,"column":4},"end":{"line":102,"column":31}},"34":{"start":{"line":71,"column":6},"end":{"line":101,"column":7}},"35":{"start":{"line":71,"column":16},"end":{"line":101,"column":7}},"36":{"start":{"line":73,"column":10},"end":{"line":73,"column":31}},"37":{"start":{"line":75,"column":10},"end":{"line":75,"column":36}},"38":{"start":{"line":76,"column":10},"end":{"line":76,"column":35}},"39":{"start":{"line":77,"column":10},"end":{"line":77,"column":35}},"40":{"start":{"line":80,"column":10},"end":{"line":80,"column":31}},"41":{"start":{"line":81,"column":10},"end":{"line":87,"column":14}},"42":{"start":{"line":90,"column":10},"end":{"line":90,"column":42}},"43":{"start":{"line":91,"column":10},"end":{"line":91,"column":60}},"44":{"start":{"line":94,"column":10},"end":{"line":94,"column":32}},"45":{"start":{"line":95,"column":10},"end":{"line":95,"column":51}},"46":{"start":{"line":96,"column":10},"end":{"line":96,"column":31}},"47":{"start":{"line":100,"column":10},"end":{"line":100,"column":36}},"48":{"start":{"line":105,"column":4},"end":{"line":105,"column":35}},"49":{"start":{"line":106,"column":4},"end":{"line":137,"column":31}},"50":{"start":{"line":107,"column":6},"end":{"line":136,"column":7}},"51":{"start":{"line":107,"column":16},"end":{"line":136,"column":7}},"52":{"start":{"line":109,"column":10},"end":{"line":109,"column":31}},"53":{"start":{"line":111,"column":10},"end":{"line":111,"column":27}},"54":{"start":{"line":114,"column":10},"end":{"line":114,"column":31}},"55":{"start":{"line":115,"column":10},"end":{"line":117,"column":14}},"56":{"start":{"line":120,"column":10},"end":{"line":120,"column":42}},"57":{"start":{"line":121,"column":10},"end":{"line":121,"column":31}},"58":{"start":{"line":122,"column":10},"end":{"line":122,"column":66}},"59":{"start":{"line":125,"column":10},"end":{"line":125,"column":42}},"60":{"start":{"line":126,"column":10},"end":{"line":126,"column":60}},"61":{"start":{"line":129,"column":10},"end":{"line":129,"column":32}},"62":{"start":{"line":130,"column":10},"end":{"line":130,"column":51}},"63":{"start":{"line":131,"column":10},"end":{"line":131,"column":31}},"64":{"start":{"line":135,"column":10},"end":{"line":135,"column":36}}},"branchMap":{"1":{"line":12,"type":"switch","locations":[{"start":{"line":13,"column":8},"end":{"line":16,"column":60}},{"start":{"line":18,"column":8},"end":{"line":20,"column":59}},{"start":{"line":22,"column":8},"end":{"line":25,"column":31}},{"start":{"line":27,"column":8},"end":{"line":27,"column":16}},{"start":{"line":28,"column":8},"end":{"line":29,"column":36}}]},"2":{"line":37,"type":"switch","locations":[{"start":{"line":38,"column":8},"end":{"line":51,"column":14}},{"start":{"line":53,"column":8},"end":{"line":55,"column":60}},{"start":{"line":57,"column":8},"end":{"line":60,"column":31}},{"start":{"line":62,"column":8},"end":{"line":62,"column":16}},{"start":{"line":63,"column":8},"end":{"line":64,"column":36}}]},"3":{"line":71,"type":"switch","locations":[{"start":{"line":72,"column":8},"end":{"line":87,"column":14}},{"start":{"line":89,"column":8},"end":{"line":91,"column":60}},{"start":{"line":93,"column":8},"end":{"line":96,"column":31}},{"start":{"line":98,"column":8},"end":{"line":98,"column":16}},{"start":{"line":99,"column":8},"end":{"line":100,"column":36}}]},"4":{"line":107,"type":"switch","locations":[{"start":{"line":108,"column":8},"end":{"line":117,"column":14}},{"start":{"line":119,"column":8},"end":{"line":122,"column":66}},{"start":{"line":124,"column":8},"end":{"line":126,"column":60}},{"start":{"line":128,"column":8},"end":{"line":131,"column":31}},{"start":{"line":133,"column":8},"end":{"line":133,"column":16}},{"start":{"line":134,"column":8},"end":{"line":135,"column":36}}]}}},"/home/zpeng/zpeng/sailsSample/api/services/UserService.js":{"path":"/home/zpeng/zpeng/sailsSample/api/services/UserService.js","s":{"1":1,"2":1,"3":0,"4":0,"5":0,"6":0,"7":0,"8":0,"9":0,"10":0,"11":0,"12":0,"13":0,"14":0,"15":0,"16":0,"17":0,"18":0,"19":0,"20":0,"21":0,"22":0,"23":0,"24":0,"25":0,"26":0,"27":0,"28":0,"29":0,"30":0,"31":0,"32":0,"33":0,"34":0,"35":0,"36":0,"37":0,"38":0,"39":0,"40":0,"41":0,"42":0,"43":0,"44":0,"45":0,"46":0,"47":0,"48":0,"49":0,"50":0,"51":0,"52":0,"53":0,"54":0,"55":0,"56":0,"57":0,"58":0,"59":0,"60":0,"61":0,"62":0,"63":0,"64":0,"65":0},"b":{"1":[0,0,0,0,0],"2":[0,0,0,0,0],"3":[0,0,0,0,0],"4":[0,0,0,0,0]},"f":{"1":0,"2":0,"3":0,"4":0,"5":0,"6":0,"7":0,"8":0},"fnMap":{"1":{"name":"checkUser","line":9,"loc":{"start":{"line":9,"column":13},"end":{"line":9,"column":38}}},"2":{"name":"checkUser$","line":12,"loc":{"start":{"line":12,"column":36},"end":{"line":12,"column":69}}},"3":{"name":"createUser","line":40,"loc":{"start":{"line":40,"column":14},"end":{"line":40,"column":41}}},"4":{"name":"createUser$","line":43,"loc":{"start":{"line":43,"column":36},"end":{"line":43,"column":70}}},"5":{"name":"deleteUser","line":78,"loc":{"start":{"line":78,"column":14},"end":{"line":78,"column":41}}},"6":{"name":"deleteUser$","line":81,"loc":{"start":{"line":81,"column":36},"end":{"line":81,"column":70}}},"7":{"name":"updateUser","line":118,"loc":{"start":{"line":118,"column":14},"end":{"line":118,"column":41}}},"8":{"name":"updateUser$","line":123,"loc":{"start":{"line":123,"column":36},"end":{"line":123,"column":70}}}},"statementMap":{"1":{"start":{"line":5,"column":0},"end":{"line":5,"column":17},"skip":true},"2":{"start":{"line":7,"column":0},"end":{"line":156,"column":2}},"3":{"start":{"line":10,"column":4},"end":{"line":10,"column":25}},"4":{"start":{"line":11,"column":4},"end":{"line":11,"column":25}},"5":{"start":{"line":12,"column":4},"end":{"line":38,"column":30}},"6":{"start":{"line":13,"column":6},"end":{"line":37,"column":7}},"7":{"start":{"line":13,"column":16},"end":{"line":37,"column":7}},"8":{"start":{"line":15,"column":10},"end":{"line":15,"column":31}},"9":{"start":{"line":16,"column":10},"end":{"line":19,"column":12}},"10":{"start":{"line":20,"column":10},"end":{"line":20,"column":31}},"11":{"start":{"line":21,"column":10},"end":{"line":23,"column":14}},"12":{"start":{"line":26,"column":10},"end":{"line":26,"column":39}},"13":{"start":{"line":27,"column":10},"end":{"line":27,"column":57}},"14":{"start":{"line":30,"column":10},"end":{"line":30,"column":31}},"15":{"start":{"line":31,"column":10},"end":{"line":31,"column":51}},"16":{"start":{"line":32,"column":10},"end":{"line":32,"column":31}},"17":{"start":{"line":36,"column":10},"end":{"line":36,"column":36}},"18":{"start":{"line":41,"column":4},"end":{"line":41,"column":26}},"19":{"start":{"line":42,"column":4},"end":{"line":42,"column":19}},"20":{"start":{"line":43,"column":4},"end":{"line":76,"column":30}},"21":{"start":{"line":44,"column":6},"end":{"line":75,"column":7}},"22":{"start":{"line":44,"column":16},"end":{"line":75,"column":7}},"23":{"start":{"line":46,"column":10},"end":{"line":46,"column":31}},"24":{"start":{"line":53,"column":10},"end":{"line":53,"column":34}},"25":{"start":{"line":54,"column":10},"end":{"line":54,"column":37}},"26":{"start":{"line":57,"column":10},"end":{"line":57,"column":31}},"27":{"start":{"line":58,"column":10},"end":{"line":61,"column":14}},"28":{"start":{"line":64,"column":10},"end":{"line":64,"column":40}},"29":{"start":{"line":65,"column":10},"end":{"line":65,"column":58}},"30":{"start":{"line":68,"column":10},"end":{"line":68,"column":31}},"31":{"start":{"line":69,"column":10},"end":{"line":69,"column":51}},"32":{"start":{"line":70,"column":10},"end":{"line":70,"column":31}},"33":{"start":{"line":74,"column":10},"end":{"line":74,"column":36}},"34":{"start":{"line":79,"column":4},"end":{"line":79,"column":26}},"35":{"start":{"line":80,"column":4},"end":{"line":80,"column":19}},"36":{"start":{"line":81,"column":4},"end":{"line":116,"column":30}},"37":{"start":{"line":82,"column":6},"end":{"line":115,"column":7}},"38":{"start":{"line":82,"column":16},"end":{"line":115,"column":7}},"39":{"start":{"line":84,"column":10},"end":{"line":84,"column":31}},"40":{"start":{"line":91,"column":10},"end":{"line":91,"column":47}},"41":{"start":{"line":92,"column":10},"end":{"line":92,"column":53}},"42":{"start":{"line":95,"column":10},"end":{"line":95,"column":31}},"43":{"start":{"line":96,"column":10},"end":{"line":101,"column":14}},"44":{"start":{"line":104,"column":10},"end":{"line":104,"column":40}},"45":{"start":{"line":105,"column":10},"end":{"line":105,"column":58}},"46":{"start":{"line":108,"column":10},"end":{"line":108,"column":31}},"47":{"start":{"line":109,"column":10},"end":{"line":109,"column":51}},"48":{"start":{"line":110,"column":10},"end":{"line":110,"column":31}},"49":{"start":{"line":114,"column":10},"end":{"line":114,"column":36}},"50":{"start":{"line":119,"column":4},"end":{"line":119,"column":26}},"51":{"start":{"line":121,"column":4},"end":{"line":121,"column":20}},"52":{"start":{"line":123,"column":4},"end":{"line":154,"column":30}},"53":{"start":{"line":124,"column":6},"end":{"line":153,"column":7}},"54":{"start":{"line":124,"column":16},"end":{"line":153,"column":7}},"55":{"start":{"line":126,"column":10},"end":{"line":126,"column":31}},"56":{"start":{"line":132,"column":10},"end":{"line":132,"column":47}},"57":{"start":{"line":133,"column":10},"end":{"line":133,"column":53}},"58":{"start":{"line":136,"column":10},"end":{"line":136,"column":31}},"59":{"start":{"line":137,"column":10},"end":{"line":139,"column":48}},"60":{"start":{"line":142,"column":10},"end":{"line":142,"column":41}},"61":{"start":{"line":143,"column":10},"end":{"line":143,"column":59}},"62":{"start":{"line":146,"column":10},"end":{"line":146,"column":31}},"63":{"start":{"line":147,"column":10},"end":{"line":147,"column":51}},"64":{"start":{"line":148,"column":10},"end":{"line":148,"column":31}},"65":{"start":{"line":152,"column":10},"end":{"line":152,"column":36}}},"branchMap":{"1":{"line":13,"type":"switch","locations":[{"start":{"line":14,"column":8},"end":{"line":23,"column":14}},{"start":{"line":25,"column":8},"end":{"line":27,"column":57}},{"start":{"line":29,"column":8},"end":{"line":32,"column":31}},{"start":{"line":34,"column":8},"end":{"line":34,"column":16}},{"start":{"line":35,"column":8},"end":{"line":36,"column":36}}]},"2":{"line":44,"type":"switch","locations":[{"start":{"line":45,"column":8},"end":{"line":61,"column":14}},{"start":{"line":63,"column":8},"end":{"line":65,"column":58}},{"start":{"line":67,"column":8},"end":{"line":70,"column":31}},{"start":{"line":72,"column":8},"end":{"line":72,"column":16}},{"start":{"line":73,"column":8},"end":{"line":74,"column":36}}]},"3":{"line":82,"type":"switch","locations":[{"start":{"line":83,"column":8},"end":{"line":101,"column":14}},{"start":{"line":103,"column":8},"end":{"line":105,"column":58}},{"start":{"line":107,"column":8},"end":{"line":110,"column":31}},{"start":{"line":112,"column":8},"end":{"line":112,"column":16}},{"start":{"line":113,"column":8},"end":{"line":114,"column":36}}]},"4":{"line":124,"type":"switch","locations":[{"start":{"line":125,"column":8},"end":{"line":139,"column":48}},{"start":{"line":141,"column":8},"end":{"line":143,"column":59}},{"start":{"line":145,"column":8},"end":{"line":148,"column":31}},{"start":{"line":150,"column":8},"end":{"line":150,"column":16}},{"start":{"line":151,"column":8},"end":{"line":152,"column":36}}]}}},"/home/zpeng/zpeng/sailsSample/api/controllers/FileController.js":{"path":"/home/zpeng/zpeng/sailsSample/api/controllers/FileController.js","s":{"1":1,"2":0},"b":{},"f":{"1":0},"fnMap":{"1":{"name":"get","line":4,"loc":{"start":{"line":4,"column":7},"end":{"line":4,"column":30}}}},"statementMap":{"1":{"start":{"line":3,"column":0},"end":{"line":11,"column":2}},"2":{"start":{"line":5,"column":4},"end":{"line":5,"column":37}}},"branchMap":{}},"/home/zpeng/zpeng/sailsSample/api/controllers/FriendController.js":{"path":"/home/zpeng/zpeng/sailsSample/api/controllers/FriendController.js","s":{"1":1,"2":1,"3":0,"4":0,"5":0,"6":0,"7":0,"8":0,"9":0,"10":0,"11":0,"12":0,"13":0,"14":0,"15":0,"16":0,"17":0,"18":0,"19":0,"20":0,"21":0,"22":0,"23":0,"24":0,"25":0,"26":0,"27":0,"28":0,"29":0,"30":0,"31":0,"32":0,"33":0,"34":0,"35":0,"36":0,"37":0,"38":0,"39":0,"40":0,"41":0,"42":0,"43":0,"44":0,"45":0,"46":0,"47":0,"48":0,"49":0,"50":0,"51":0,"52":0,"53":0,"54":0,"55":0,"56":1,"57":1,"58":2,"59":3,"60":1,"61":1,"62":1,"63":1,"64":1,"65":1,"66":1,"67":1,"68":1,"69":1,"70":0,"71":0,"72":0,"73":1},"b":{"1":[0,0,0,0,0],"2":[0,0,0,0,0],"3":[0,0,0,0,0],"4":[1,1,0,1,1]},"f":{"1":0,"2":0,"3":0,"4":0,"5":0,"6":0,"7":1,"8":2},"fnMap":{"1":{"name":"index","line":15,"loc":{"start":{"line":15,"column":9},"end":{"line":15,"column":34}}},"2":{"name":"index$","line":17,"loc":{"start":{"line":17,"column":36},"end":{"line":17,"column":65}}},"3":{"name":"create","line":48,"loc":{"start":{"line":48,"column":10},"end":{"line":48,"column":36}}},"4":{"name":"create$","line":50,"loc":{"start":{"line":50,"column":36},"end":{"line":50,"column":66}}},"5":{"name":"update","line":82,"loc":{"start":{"line":82,"column":10},"end":{"line":82,"column":36}}},"6":{"name":"update$","line":84,"loc":{"start":{"line":84,"column":36},"end":{"line":84,"column":66}}},"7":{"name":"_delete","line":116,"loc":{"start":{"line":116,"column":12},"end":{"line":116,"column":39}}},"8":{"name":"_delete$","line":118,"loc":{"start":{"line":118,"column":36},"end":{"line":118,"column":67}}}},"statementMap":{"1":{"start":{"line":12,"column":0},"end":{"line":12,"column":17},"skip":true},"2":{"start":{"line":14,"column":0},"end":{"line":151,"column":2}},"3":{"start":{"line":16,"column":4},"end":{"line":16,"column":20}},"4":{"start":{"line":17,"column":4},"end":{"line":46,"column":30}},"5":{"start":{"line":18,"column":6},"end":{"line":45,"column":7}},"6":{"start":{"line":18,"column":16},"end":{"line":45,"column":7}},"7":{"start":{"line":20,"column":10},"end":{"line":20,"column":31}},"8":{"start":{"line":21,"column":10},"end":{"line":21,"column":31}},"9":{"start":{"line":22,"column":10},"end":{"line":22,"column":69}},"10":{"start":{"line":25,"column":10},"end":{"line":25,"column":41}},"11":{"start":{"line":27,"column":10},"end":{"line":27,"column":49}},"12":{"start":{"line":30,"column":10},"end":{"line":30,"column":30}},"13":{"start":{"line":31,"column":10},"end":{"line":31,"column":18}},"14":{"start":{"line":33,"column":10},"end":{"line":33,"column":32}},"15":{"start":{"line":34,"column":10},"end":{"line":34,"column":16}},"16":{"start":{"line":37,"column":10},"end":{"line":37,"column":31}},"17":{"start":{"line":38,"column":10},"end":{"line":38,"column":51}},"18":{"start":{"line":40,"column":10},"end":{"line":40,"column":42}},"19":{"start":{"line":44,"column":10},"end":{"line":44,"column":36}},"20":{"start":{"line":49,"column":4},"end":{"line":49,"column":29}},"21":{"start":{"line":50,"column":4},"end":{"line":80,"column":31}},"22":{"start":{"line":51,"column":6},"end":{"line":79,"column":7}},"23":{"start":{"line":51,"column":16},"end":{"line":79,"column":7}},"24":{"start":{"line":53,"column":10},"end":{"line":53,"column":31}},"25":{"start":{"line":54,"column":10},"end":{"line":54,"column":31}},"26":{"start":{"line":55,"column":10},"end":{"line":55,"column":31}},"27":{"start":{"line":56,"column":10},"end":{"line":56,"column":81}},"28":{"start":{"line":59,"column":10},"end":{"line":59,"column":39}},"29":{"start":{"line":61,"column":10},"end":{"line":61,"column":47}},"30":{"start":{"line":64,"column":10},"end":{"line":64,"column":28}},"31":{"start":{"line":65,"column":10},"end":{"line":65,"column":18}},"32":{"start":{"line":67,"column":10},"end":{"line":67,"column":32}},"33":{"start":{"line":68,"column":10},"end":{"line":68,"column":16}},"34":{"start":{"line":71,"column":10},"end":{"line":71,"column":32}},"35":{"start":{"line":72,"column":10},"end":{"line":72,"column":51}},"36":{"start":{"line":74,"column":10},"end":{"line":74,"column":42}},"37":{"start":{"line":78,"column":10},"end":{"line":78,"column":36}},"38":{"start":{"line":83,"column":4},"end":{"line":83,"column":30}},"39":{"start":{"line":84,"column":4},"end":{"line":114,"column":31}},"40":{"start":{"line":85,"column":6},"end":{"line":113,"column":7}},"41":{"start":{"line":85,"column":16},"end":{"line":113,"column":7}},"42":{"start":{"line":87,"column":10},"end":{"line":87,"column":31}},"43":{"start":{"line":88,"column":10},"end":{"line":88,"column":29}},"44":{"start":{"line":89,"column":10},"end":{"line":89,"column":31}},"45":{"start":{"line":90,"column":10},"end":{"line":90,"column":79}},"46":{"start":{"line":93,"column":10},"end":{"line":93,"column":42}},"47":{"start":{"line":95,"column":10},"end":{"line":95,"column":50}},"48":{"start":{"line":98,"column":10},"end":{"line":98,"column":31}},"49":{"start":{"line":99,"column":10},"end":{"line":99,"column":18}},"50":{"start":{"line":101,"column":10},"end":{"line":101,"column":32}},"51":{"start":{"line":102,"column":10},"end":{"line":102,"column":16}},"52":{"start":{"line":105,"column":10},"end":{"line":105,"column":32}},"53":{"start":{"line":106,"column":10},"end":{"line":106,"column":51}},"54":{"start":{"line":108,"column":10},"end":{"line":108,"column":42}},"55":{"start":{"line":112,"column":10},"end":{"line":112,"column":36}},"56":{"start":{"line":117,"column":4},"end":{"line":117,"column":31}},"57":{"start":{"line":118,"column":4},"end":{"line":148,"column":31}},"58":{"start":{"line":119,"column":6},"end":{"line":147,"column":7}},"59":{"start":{"line":119,"column":16},"end":{"line":147,"column":7}},"60":{"start":{"line":121,"column":10},"end":{"line":121,"column":31}},"61":{"start":{"line":122,"column":10},"end":{"line":122,"column":38}},"62":{"start":{"line":123,"column":10},"end":{"line":123,"column":31}},"63":{"start":{"line":124,"column":10},"end":{"line":124,"column":80}},"64":{"start":{"line":127,"column":10},"end":{"line":127,"column":42}},"65":{"start":{"line":129,"column":10},"end":{"line":129,"column":50}},"66":{"start":{"line":132,"column":10},"end":{"line":132,"column":31}},"67":{"start":{"line":133,"column":10},"end":{"line":133,"column":18}},"68":{"start":{"line":135,"column":10},"end":{"line":135,"column":32}},"69":{"start":{"line":136,"column":10},"end":{"line":136,"column":16}},"70":{"start":{"line":139,"column":10},"end":{"line":139,"column":32}},"71":{"start":{"line":140,"column":10},"end":{"line":140,"column":51}},"72":{"start":{"line":142,"column":10},"end":{"line":142,"column":42}},"73":{"start":{"line":146,"column":10},"end":{"line":146,"column":36}}},"branchMap":{"1":{"line":18,"type":"switch","locations":[{"start":{"line":19,"column":8},"end":{"line":22,"column":69}},{"start":{"line":24,"column":8},"end":{"line":34,"column":16}},{"start":{"line":36,"column":8},"end":{"line":40,"column":42}},{"start":{"line":42,"column":8},"end":{"line":42,"column":16}},{"start":{"line":43,"column":8},"end":{"line":44,"column":36}}]},"2":{"line":51,"type":"switch","locations":[{"start":{"line":52,"column":8},"end":{"line":56,"column":81}},{"start":{"line":58,"column":8},"end":{"line":68,"column":16}},{"start":{"line":70,"column":8},"end":{"line":74,"column":42}},{"start":{"line":76,"column":8},"end":{"line":76,"column":16}},{"start":{"line":77,"column":8},"end":{"line":78,"column":36}}]},"3":{"line":85,"type":"switch","locations":[{"start":{"line":86,"column":8},"end":{"line":90,"column":79}},{"start":{"line":92,"column":8},"end":{"line":102,"column":16}},{"start":{"line":104,"column":8},"end":{"line":108,"column":42}},{"start":{"line":110,"column":8},"end":{"line":110,"column":16}},{"start":{"line":111,"column":8},"end":{"line":112,"column":36}}]},"4":{"line":119,"type":"switch","locations":[{"start":{"line":120,"column":8},"end":{"line":124,"column":80}},{"start":{"line":126,"column":8},"end":{"line":136,"column":16}},{"start":{"line":138,"column":8},"end":{"line":142,"column":42}},{"start":{"line":144,"column":8},"end":{"line":144,"column":16}},{"start":{"line":145,"column":8},"end":{"line":146,"column":36}}]}}},"/home/zpeng/zpeng/sailsSample/api/controllers/UserController.js":{"path":"/home/zpeng/zpeng/sailsSample/api/controllers/UserController.js","s":{"1":1,"2":1,"3":0,"4":0,"5":0,"6":0,"7":0,"8":0,"9":0,"10":0,"11":0,"12":0,"13":0,"14":0,"15":0,"16":0,"17":0,"18":0,"19":0,"20":0,"21":0,"22":0,"23":0,"24":0,"25":0,"26":0,"27":0,"28":0,"29":0,"30":0,"31":0,"32":0,"33":0,"34":0,"35":0,"36":0,"37":0,"38":0,"39":0,"40":0,"41":0,"42":0,"43":0,"44":0,"45":0,"46":0,"47":0,"48":0,"49":0,"50":0,"51":0,"52":0,"53":0,"54":0,"55":0,"56":0,"57":0,"58":0,"59":0,"60":0,"61":0,"62":0,"63":0,"64":0,"65":0,"66":0,"67":0,"68":0,"69":0,"70":0,"71":0,"72":0,"73":0,"74":0,"75":0,"76":0,"77":0,"78":0,"79":0,"80":0,"81":0,"82":0,"83":0,"84":0,"85":0,"86":0,"87":0,"88":0,"89":0,"90":0,"91":0,"92":0,"93":0,"94":0,"95":0,"96":0,"97":0,"98":0},"b":{"1":[0,0,0,0,0],"2":[0,0,0,0,0],"3":[0,0,0,0,0],"4":[0,0,0],"5":[0,0,0,0,0],"6":[0,0,0,0],"7":[0,0],"8":[0,0]},"f":{"1":0,"2":0,"3":0,"4":0,"5":0,"6":0,"7":0,"8":0,"9":0,"10":0,"11":0,"12":0,"13":0},"fnMap":{"1":{"name":"signin","line":8,"loc":{"start":{"line":8,"column":10},"end":{"line":8,"column":36}}},"2":{"name":"signin$","line":10,"loc":{"start":{"line":10,"column":36},"end":{"line":10,"column":66}}},"3":{"name":"signup","line":42,"loc":{"start":{"line":42,"column":10},"end":{"line":42,"column":36}}},"4":{"name":"signup$","line":44,"loc":{"start":{"line":44,"column":36},"end":{"line":44,"column":66}}},"5":{"name":"_delete","line":72,"loc":{"start":{"line":72,"column":12},"end":{"line":72,"column":39}}},"6":{"name":"_delete$","line":74,"loc":{"start":{"line":74,"column":36},"end":{"line":74,"column":67}}},"7":{"name":"logout","line":106,"loc":{"start":{"line":106,"column":10},"end":{"line":106,"column":36}}},"8":{"name":"logout$","line":108,"loc":{"start":{"line":108,"column":36},"end":{"line":108,"column":66}}},"9":{"name":"update","line":131,"loc":{"start":{"line":131,"column":10},"end":{"line":131,"column":36}}},"10":{"name":"update$","line":133,"loc":{"start":{"line":133,"column":36},"end":{"line":133,"column":66}}},"11":{"name":"upload","line":161,"loc":{"start":{"line":161,"column":10},"end":{"line":161,"column":36}}},"12":{"name":"upload$","line":163,"loc":{"start":{"line":163,"column":36},"end":{"line":163,"column":66}}},"13":{"name":"onUploadComplete","line":180,"loc":{"start":{"line":180,"column":13},"end":{"line":180,"column":51}}}},"statementMap":{"1":{"start":{"line":5,"column":0},"end":{"line":5,"column":17},"skip":true},"2":{"start":{"line":7,"column":0},"end":{"line":198,"column":2}},"3":{"start":{"line":9,"column":4},"end":{"line":9,"column":24}},"4":{"start":{"line":10,"column":4},"end":{"line":40,"column":31}},"5":{"start":{"line":11,"column":6},"end":{"line":39,"column":7}},"6":{"start":{"line":11,"column":16},"end":{"line":39,"column":7}},"7":{"start":{"line":13,"column":10},"end":{"line":13,"column":31}},"8":{"start":{"line":14,"column":10},"end":{"line":14,"column":26}},"9":{"start":{"line":15,"column":10},"end":{"line":15,"column":31}},"10":{"start":{"line":16,"column":10},"end":{"line":16,"column":81}},"11":{"start":{"line":19,"column":10},"end":{"line":19,"column":39}},"12":{"start":{"line":21,"column":10},"end":{"line":21,"column":45}},"13":{"start":{"line":22,"column":10},"end":{"line":22,"column":53}},"14":{"start":{"line":25,"column":10},"end":{"line":25,"column":73}},"15":{"start":{"line":27,"column":10},"end":{"line":27,"column":32}},"16":{"start":{"line":28,"column":10},"end":{"line":28,"column":16}},"17":{"start":{"line":31,"column":10},"end":{"line":31,"column":32}},"18":{"start":{"line":32,"column":10},"end":{"line":32,"column":51}},"19":{"start":{"line":34,"column":10},"end":{"line":34,"column":42}},"20":{"start":{"line":38,"column":10},"end":{"line":38,"column":36}},"21":{"start":{"line":43,"column":4},"end":{"line":43,"column":22}},"22":{"start":{"line":44,"column":4},"end":{"line":70,"column":30}},"23":{"start":{"line":45,"column":6},"end":{"line":69,"column":7}},"24":{"start":{"line":45,"column":16},"end":{"line":69,"column":7}},"25":{"start":{"line":47,"column":10},"end":{"line":47,"column":31}},"26":{"start":{"line":48,"column":10},"end":{"line":48,"column":26}},"27":{"start":{"line":49,"column":10},"end":{"line":49,"column":31}},"28":{"start":{"line":50,"column":10},"end":{"line":50,"column":82}},"29":{"start":{"line":53,"column":10},"end":{"line":53,"column":37}},"30":{"start":{"line":56,"column":10},"end":{"line":56,"column":81}},"31":{"start":{"line":57,"column":10},"end":{"line":57,"column":32}},"32":{"start":{"line":58,"column":10},"end":{"line":58,"column":16}},"33":{"start":{"line":61,"column":10},"end":{"line":61,"column":31}},"34":{"start":{"line":62,"column":10},"end":{"line":62,"column":51}},"35":{"start":{"line":64,"column":10},"end":{"line":64,"column":42}},"36":{"start":{"line":68,"column":10},"end":{"line":68,"column":36}},"37":{"start":{"line":73,"column":4},"end":{"line":73,"column":20}},"38":{"start":{"line":74,"column":4},"end":{"line":104,"column":30}},"39":{"start":{"line":75,"column":6},"end":{"line":103,"column":7}},"40":{"start":{"line":75,"column":16},"end":{"line":103,"column":7}},"41":{"start":{"line":77,"column":10},"end":{"line":77,"column":31}},"42":{"start":{"line":78,"column":10},"end":{"line":78,"column":26}},"43":{"start":{"line":80,"column":10},"end":{"line":80,"column":42}},"44":{"start":{"line":83,"column":10},"end":{"line":83,"column":31}},"45":{"start":{"line":84,"column":10},"end":{"line":84,"column":82}},"46":{"start":{"line":87,"column":10},"end":{"line":87,"column":35}},"47":{"start":{"line":90,"column":10},"end":{"line":90,"column":79}},"48":{"start":{"line":91,"column":10},"end":{"line":91,"column":32}},"49":{"start":{"line":92,"column":10},"end":{"line":92,"column":16}},"50":{"start":{"line":95,"column":10},"end":{"line":95,"column":31}},"51":{"start":{"line":96,"column":10},"end":{"line":96,"column":51}},"52":{"start":{"line":98,"column":10},"end":{"line":98,"column":42}},"53":{"start":{"line":102,"column":10},"end":{"line":102,"column":36}},"54":{"start":{"line":107,"column":4},"end":{"line":107,"column":13}},"55":{"start":{"line":108,"column":4},"end":{"line":129,"column":20}},"56":{"start":{"line":109,"column":6},"end":{"line":128,"column":7}},"57":{"start":{"line":109,"column":16},"end":{"line":128,"column":7}},"58":{"start":{"line":111,"column":10},"end":{"line":123,"column":11}},"59":{"start":{"line":112,"column":12},"end":{"line":112,"column":28}},"60":{"start":{"line":114,"column":12},"end":{"line":114,"column":83}},"61":{"start":{"line":117,"column":12},"end":{"line":117,"column":41}},"62":{"start":{"line":120,"column":12},"end":{"line":120,"column":26}},"63":{"start":{"line":122,"column":12},"end":{"line":122,"column":31}},"64":{"start":{"line":127,"column":10},"end":{"line":127,"column":36}},"65":{"start":{"line":132,"column":4},"end":{"line":132,"column":25}},"66":{"start":{"line":133,"column":4},"end":{"line":159,"column":30}},"67":{"start":{"line":134,"column":6},"end":{"line":158,"column":7}},"68":{"start":{"line":134,"column":16},"end":{"line":158,"column":7}},"69":{"start":{"line":136,"column":10},"end":{"line":136,"column":31}},"70":{"start":{"line":137,"column":10},"end":{"line":137,"column":26}},"71":{"start":{"line":138,"column":10},"end":{"line":138,"column":31}},"72":{"start":{"line":139,"column":10},"end":{"line":139,"column":82}},"73":{"start":{"line":142,"column":10},"end":{"line":142,"column":40}},"74":{"start":{"line":145,"column":10},"end":{"line":145,"column":84}},"75":{"start":{"line":146,"column":10},"end":{"line":146,"column":32}},"76":{"start":{"line":147,"column":10},"end":{"line":147,"column":16}},"77":{"start":{"line":150,"column":10},"end":{"line":150,"column":31}},"78":{"start":{"line":151,"column":10},"end":{"line":151,"column":51}},"79":{"start":{"line":153,"column":10},"end":{"line":153,"column":42}},"80":{"start":{"line":157,"column":10},"end":{"line":157,"column":36}},"81":{"start":{"line":162,"column":4},"end":{"line":162,"column":19}},"82":{"start":{"line":163,"column":4},"end":{"line":196,"column":20}},"83":{"start":{"line":164,"column":6},"end":{"line":195,"column":7}},"84":{"start":{"line":164,"column":16},"end":{"line":195,"column":7}},"85":{"start":{"line":166,"column":10},"end":{"line":169,"column":11}},"86":{"start":{"line":167,"column":12},"end":{"line":167,"column":33}},"87":{"start":{"line":168,"column":12},"end":{"line":168,"column":18}},"88":{"start":{"line":171,"column":10},"end":{"line":171,"column":89}},"89":{"start":{"line":174,"column":10},"end":{"line":174,"column":46}},"90":{"start":{"line":176,"column":10},"end":{"line":176,"column":34}},"91":{"start":{"line":178,"column":10},"end":{"line":190,"column":13}},"92":{"start":{"line":183,"column":12},"end":{"line":183,"column":49}},"93":{"start":{"line":183,"column":21},"end":{"line":183,"column":49}},"94":{"start":{"line":186,"column":12},"end":{"line":186,"column":31}},"95":{"start":{"line":187,"column":12},"end":{"line":187,"column":41}},"96":{"start":{"line":188,"column":12},"end":{"line":188,"column":43}},"97":{"start":{"line":189,"column":12},"end":{"line":189,"column":51}},"98":{"start":{"line":194,"column":10},"end":{"line":194,"column":36}}},"branchMap":{"1":{"line":11,"type":"switch","locations":[{"start":{"line":12,"column":8},"end":{"line":16,"column":81}},{"start":{"line":18,"column":8},"end":{"line":28,"column":16}},{"start":{"line":30,"column":8},"end":{"line":34,"column":42}},{"start":{"line":36,"column":8},"end":{"line":36,"column":16}},{"start":{"line":37,"column":8},"end":{"line":38,"column":36}}]},"2":{"line":45,"type":"switch","locations":[{"start":{"line":46,"column":8},"end":{"line":50,"column":82}},{"start":{"line":52,"column":8},"end":{"line":58,"column":16}},{"start":{"line":60,"column":8},"end":{"line":64,"column":42}},{"start":{"line":66,"column":8},"end":{"line":66,"column":16}},{"start":{"line":67,"column":8},"end":{"line":68,"column":36}}]},"3":{"line":75,"type":"switch","locations":[{"start":{"line":76,"column":8},"end":{"line":84,"column":82}},{"start":{"line":86,"column":8},"end":{"line":92,"column":16}},{"start":{"line":94,"column":8},"end":{"line":98,"column":42}},{"start":{"line":100,"column":8},"end":{"line":100,"column":16}},{"start":{"line":101,"column":8},"end":{"line":102,"column":36}}]},"4":{"line":109,"type":"switch","locations":[{"start":{"line":110,"column":8},"end":{"line":123,"column":11}},{"start":{"line":125,"column":8},"end":{"line":125,"column":15}},{"start":{"line":126,"column":8},"end":{"line":127,"column":36}}]},"5":{"line":134,"type":"switch","locations":[{"start":{"line":135,"column":8},"end":{"line":139,"column":82}},{"start":{"line":141,"column":8},"end":{"line":147,"column":16}},{"start":{"line":149,"column":8},"end":{"line":153,"column":42}},{"start":{"line":155,"column":8},"end":{"line":155,"column":16}},{"start":{"line":156,"column":8},"end":{"line":157,"column":36}}]},"6":{"line":164,"type":"switch","locations":[{"start":{"line":165,"column":8},"end":{"line":171,"column":89}},{"start":{"line":173,"column":8},"end":{"line":190,"column":13}},{"start":{"line":192,"column":8},"end":{"line":192,"column":15}},{"start":{"line":193,"column":8},"end":{"line":194,"column":36}}]},"7":{"line":166,"type":"if","locations":[{"start":{"line":166,"column":10},"end":{"line":166,"column":10}},{"start":{"line":166,"column":10},"end":{"line":166,"column":10}}]},"8":{"line":183,"type":"if","locations":[{"start":{"line":183,"column":12},"end":{"line":183,"column":12}},{"start":{"line":183,"column":12},"end":{"line":183,"column":12}}]}}},"/home/zpeng/zpeng/sailsSample/api/policies/sessionAuth.js":{"path":"/home/zpeng/zpeng/sailsSample/api/policies/sessionAuth.js","s":{"1":1,"2":0,"3":0,"4":0},"b":{"1":[0,0]},"f":{"1":0},"fnMap":{"1":{"name":"(anonymous_1)","line":12,"loc":{"start":{"line":12,"column":17},"end":{"line":12,"column":43}}}},"statementMap":{"1":{"start":{"line":12,"column":0},"end":{"line":23,"column":2}},"2":{"start":{"line":16,"column":2},"end":{"line":18,"column":3}},"3":{"start":{"line":17,"column":4},"end":{"line":17,"column":18}},"4":{"start":{"line":22,"column":2},"end":{"line":22,"column":72}}},"branchMap":{"1":{"line":16,"type":"if","locations":[{"start":{"line":16,"column":2},"end":{"line":16,"column":2}},{"start":{"line":16,"column":2},"end":{"line":16,"column":2}}]}}},"/home/zpeng/zpeng/sailsSample/api/models/Friend.js":{"path":"/home/zpeng/zpeng/sailsSample/api/models/Friend.js","s":{"1":1},"b":{},"f":{},"fnMap":{},"statementMap":{"1":{"start":{"line":10,"column":0},"end":{"line":27,"column":2}}},"branchMap":{}},"/home/zpeng/zpeng/sailsSample/api/models/User.js":{"path":"/home/zpeng/zpeng/sailsSample/api/models/User.js","s":{"1":1},"b":{},"f":{},"fnMap":{},"statementMap":{"1":{"start":{"line":3,"column":0},"end":{"line":14,"column":2}}},"branchMap":{}}}