TN:
SF:/home/zpeng/zpeng/sailsSample/api/responses/badRequest.js
FN:20,badRequest
FN:60,couldNotGuessView
FNF:2
FNH:0
FNDA:0,badRequest
FNDA:0,couldNotGuessView
DA:20,1
DA:23,0
DA:24,0
DA:25,0
DA:28,0
DA:31,0
DA:32,0
DA:33,0
DA:38,0
DA:39,0
DA:43,0
DA:44,0
DA:49,0
DA:54,0
DA:55,0
DA:60,0
DA:61,0
LF:17
LH:1
BRDA:31,1,0,0
BRDA:31,1,1,0
BRDA:38,2,0,0
BRDA:38,2,1,0
BRDA:43,3,0,0
BRDA:43,3,1,0
BRDA:49,4,0,0
BRDA:49,4,1,0
BRDA:49,5,0,0
BRDA:49,5,1,0
BRDA:54,6,0,0
BRDA:54,6,1,0
BRF:12
BRH:0
end_of_record
TN:
SF:/home/zpeng/zpeng/sailsSample/api/responses/forbidden.js
FN:17,forbidden
FN:57,(anonymous_2)
FNF:2
FNH:0
FNDA:0,forbidden
FNDA:0,(anonymous_2)
DA:17,1
DA:20,0
DA:21,0
DA:22,0
DA:25,0
DA:28,0
DA:29,0
DA:30,0
DA:35,0
DA:36,0
DA:40,0
DA:41,0
DA:46,0
DA:51,0
DA:52,0
DA:57,0
DA:60,0
DA:64,0
DA:65,0
DA:69,0
DA:71,0
DA:74,0
LF:22
LH:1
BRDA:28,1,0,0
BRDA:28,1,1,0
BRDA:35,2,0,0
BRDA:35,2,1,0
BRDA:40,3,0,0
BRDA:40,3,1,0
BRDA:46,4,0,0
BRDA:46,4,1,0
BRDA:46,5,0,0
BRDA:46,5,1,0
BRDA:51,6,0,0
BRDA:51,6,1,0
BRDA:60,7,0,0
BRDA:60,7,1,0
BRDA:64,8,0,0
BRDA:64,8,1,0
BRF:16
BRH:0
end_of_record
TN:
SF:/home/zpeng/zpeng/sailsSample/api/responses/notFound.js
FN:22,notFound
FN:62,(anonymous_2)
FNF:2
FNH:0
FNDA:0,notFound
FNDA:0,(anonymous_2)
DA:22,1
DA:25,0
DA:26,0
DA:27,0
DA:30,0
DA:33,0
DA:34,0
DA:35,0
DA:40,0
DA:41,0
DA:45,0
DA:46,0
DA:51,0
DA:56,0
DA:57,0
DA:62,0
DA:65,0
DA:69,0
DA:70,0
DA:74,0
DA:76,0
DA:79,0
LF:22
LH:1
BRDA:33,1,0,0
BRDA:33,1,1,0
BRDA:40,2,0,0
BRDA:40,2,1,0
BRDA:45,3,0,0
BRDA:45,3,1,0
BRDA:51,4,0,0
BRDA:51,4,1,0
BRDA:51,5,0,0
BRDA:51,5,1,0
BRDA:56,6,0,0
BRDA:56,6,1,0
BRDA:65,7,0,0
BRDA:65,7,1,0
BRDA:69,8,0,0
BRDA:69,8,1,0
BRF:16
BRH:0
end_of_record
TN:
SF:/home/zpeng/zpeng/sailsSample/api/responses/ok.js
FN:16,sendOK
FN:45,couldNotGuessView
FNF:2
FNH:1
FNDA:1,sendOK
FNDA:0,couldNotGuessView
DA:16,1
DA:19,1
DA:20,1
DA:21,1
DA:23,1
DA:26,1
DA:29,1
DA:30,1
DA:35,0
DA:40,0
DA:41,0
DA:45,0
DA:46,0
LF:13
LH:8
BRDA:29,1,0,1
BRDA:29,1,1,0
BRDA:35,2,0,0
BRDA:35,2,1,0
BRDA:35,3,0,0
BRDA:35,3,1,0
BRDA:40,4,0,0
BRDA:40,4,1,0
BRF:8
BRH:1
end_of_record
TN:
SF:/home/zpeng/zpeng/sailsSample/api/responses/serverError.js
FN:17,serverError
FN:57,(anonymous_2)
FNF:2
FNH:0
FNDA:0,serverError
FNDA:0,(anonymous_2)
DA:17,1
DA:20,0
DA:21,0
DA:22,0
DA:25,0
DA:28,0
DA:29,0
DA:30,0
DA:35,0
DA:36,0
DA:40,0
DA:41,0
DA:46,0
DA:51,0
DA:52,0
DA:57,0
DA:60,0
DA:64,0
DA:65,0
DA:69,0
DA:71,0
DA:74,0
LF:22
LH:1
BRDA:28,1,0,0
BRDA:28,1,1,0
BRDA:35,2,0,0
BRDA:35,2,1,0
BRDA:40,3,0,0
BRDA:40,3,1,0
BRDA:46,4,0,0
BRDA:46,4,1,0
BRDA:46,5,0,0
BRDA:46,5,1,0
BRDA:51,6,0,0
BRDA:51,6,1,0
BRDA:60,7,0,0
BRDA:60,7,1,0
BRDA:64,8,0,0
BRDA:64,8,1,0
BRF:16
BRH:0
end_of_record
TN:
SF:/home/zpeng/zpeng/sailsSample/api/services/FriendService.js
FN:9,getFriend
FN:11,getFriend$
FN:34,createFriend
FN:36,createFriend$
FN:68,updateFriend
FN:70,updateFriend$
FN:104,deleteFriend
FN:106,deleteFriend$
FNF:8
FNH:2
FNDA:0,getFriend
FNDA:0,getFriend$
FNDA:0,createFriend
FNDA:0,createFriend$
FNDA:0,updateFriend
FNDA:0,updateFriend$
FNDA:1,deleteFriend
FNDA:4,deleteFriend$
DA:5,1
DA:7,1
DA:10,0
DA:11,0
DA:12,0
DA:14,0
DA:15,0
DA:16,0
DA:19,0
DA:20,0
DA:23,0
DA:24,0
DA:25,0
DA:29,0
DA:35,0
DA:36,0
DA:37,0
DA:39,0
DA:41,0
DA:42,0
DA:43,0
DA:46,0
DA:47,0
DA:54,0
DA:55,0
DA:58,0
DA:59,0
DA:60,0
DA:64,0
DA:69,0
DA:70,0
DA:71,0
DA:73,0
DA:75,0
DA:76,0
DA:77,0
DA:80,0
DA:81,0
DA:90,0
DA:91,0
DA:94,0
DA:95,0
DA:96,0
DA:100,0
DA:105,1
DA:106,1
DA:107,4
DA:109,1
DA:111,1
DA:114,1
DA:115,1
DA:120,1
DA:121,1
DA:122,1
DA:125,1
DA:126,1
DA:129,0
DA:130,0
DA:131,0
DA:135,1
LF:60
LH:15
BRDA:12,1,0,0
BRDA:12,1,1,0
BRDA:12,1,2,0
BRDA:12,1,3,0
BRDA:12,1,4,0
BRDA:37,2,0,0
BRDA:37,2,1,0
BRDA:37,2,2,0
BRDA:37,2,3,0
BRDA:37,2,4,0
BRDA:71,3,0,0
BRDA:71,3,1,0
BRDA:71,3,2,0
BRDA:71,3,3,0
BRDA:71,3,4,0
BRDA:107,4,0,1
BRDA:107,4,1,1
BRDA:107,4,2,1
BRDA:107,4,3,0
BRDA:107,4,4,0
BRDA:107,4,5,1
BRF:21
BRH:4
end_of_record
TN:
SF:/home/zpeng/zpeng/sailsSample/api/services/UserService.js
FN:9,checkUser
FN:12,checkUser$
FN:40,createUser
FN:43,createUser$
FN:78,deleteUser
FN:81,deleteUser$
FN:118,updateUser
FN:123,updateUser$
FNF:8
FNH:0
FNDA:0,checkUser
FNDA:0,checkUser$
FNDA:0,createUser
FNDA:0,createUser$
FNDA:0,deleteUser
FNDA:0,deleteUser$
FNDA:0,updateUser
FNDA:0,updateUser$
DA:5,1
DA:7,1
DA:10,0
DA:11,0
DA:12,0
DA:13,0
DA:15,0
DA:16,0
DA:20,0
DA:21,0
DA:26,0
DA:27,0
DA:30,0
DA:31,0
DA:32,0
DA:36,0
DA:41,0
DA:42,0
DA:43,0
DA:44,0
DA:46,0
DA:53,0
DA:54,0
DA:57,0
DA:58,0
DA:64,0
DA:65,0
DA:68,0
DA:69,0
DA:70,0
DA:74,0
DA:79,0
DA:80,0
DA:81,0
DA:82,0
DA:84,0
DA:91,0
DA:92,0
DA:95,0
DA:96,0
DA:104,0
DA:105,0
DA:108,0
DA:109,0
DA:110,0
DA:114,0
DA:119,0
DA:121,0
DA:123,0
DA:124,0
DA:126,0
DA:132,0
DA:133,0
DA:136,0
DA:137,0
DA:142,0
DA:143,0
DA:146,0
DA:147,0
DA:148,0
DA:152,0
LF:61
LH:2
BRDA:13,1,0,0
BRDA:13,1,1,0
BRDA:13,1,2,0
BRDA:13,1,3,0
BRDA:13,1,4,0
BRDA:44,2,0,0
BRDA:44,2,1,0
BRDA:44,2,2,0
BRDA:44,2,3,0
BRDA:44,2,4,0
BRDA:82,3,0,0
BRDA:82,3,1,0
BRDA:82,3,2,0
BRDA:82,3,3,0
BRDA:82,3,4,0
BRDA:124,4,0,0
BRDA:124,4,1,0
BRDA:124,4,2,0
BRDA:124,4,3,0
BRDA:124,4,4,0
BRF:20
BRH:0
end_of_record
TN:
SF:/home/zpeng/zpeng/sailsSample/api/controllers/FileController.js
FN:4,get
FNF:1
FNH:0
FNDA:0,get
DA:3,1
DA:5,0
LF:2
LH:1
BRF:0
BRH:0
end_of_record
TN:
SF:/home/zpeng/zpeng/sailsSample/api/controllers/FriendController.js
FN:15,index
FN:17,index$
FN:48,create
FN:50,create$
FN:82,update
FN:84,update$
FN:116,_delete
FN:118,_delete$
FNF:8
FNH:2
FNDA:0,index
FNDA:0,index$
FNDA:0,create
FNDA:0,create$
FNDA:0,update
FNDA:0,update$
FNDA:1,_delete
FNDA:2,_delete$
DA:12,1
DA:14,1
DA:16,0
DA:17,0
DA:18,0
DA:20,0
DA:21,0
DA:22,0
DA:25,0
DA:27,0
DA:30,0
DA:31,0
DA:33,0
DA:34,0
DA:37,0
DA:38,0
DA:40,0
DA:44,0
DA:49,0
DA:50,0
DA:51,0
DA:53,0
DA:54,0
DA:55,0
DA:56,0
DA:59,0
DA:61,0
DA:64,0
DA:65,0
DA:67,0
DA:68,0
DA:71,0
DA:72,0
DA:74,0
DA:78,0
DA:83,0
DA:84,0
DA:85,0
DA:87,0
DA:88,0
DA:89,0
DA:90,0
DA:93,0
DA:95,0
DA:98,0
DA:99,0
DA:101,0
DA:102,0
DA:105,0
DA:106,0
DA:108,0
DA:112,0
DA:117,1
DA:118,1
DA:119,3
DA:121,1
DA:122,1
DA:123,1
DA:124,1
DA:127,1
DA:129,1
DA:132,1
DA:133,1
DA:135,1
DA:136,1
DA:139,0
DA:140,0
DA:142,0
DA:146,1
LF:69
LH:16
BRDA:18,1,0,0
BRDA:18,1,1,0
BRDA:18,1,2,0
BRDA:18,1,3,0
BRDA:18,1,4,0
BRDA:51,2,0,0
BRDA:51,2,1,0
BRDA:51,2,2,0
BRDA:51,2,3,0
BRDA:51,2,4,0
BRDA:85,3,0,0
BRDA:85,3,1,0
BRDA:85,3,2,0
BRDA:85,3,3,0
BRDA:85,3,4,0
BRDA:119,4,0,1
BRDA:119,4,1,1
BRDA:119,4,2,0
BRDA:119,4,3,1
BRDA:119,4,4,1
BRF:20
BRH:4
end_of_record
TN:
SF:/home/zpeng/zpeng/sailsSample/api/controllers/UserController.js
FN:8,signin
FN:10,signin$
FN:42,signup
FN:44,signup$
FN:72,_delete
FN:74,_delete$
FN:106,logout
FN:108,logout$
FN:131,update
FN:133,update$
FN:161,upload
FN:163,upload$
FN:180,onUploadComplete
FNF:13
FNH:0
FNDA:0,signin
FNDA:0,signin$
FNDA:0,signup
FNDA:0,signup$
FNDA:0,_delete
FNDA:0,_delete$
FNDA:0,logout
FNDA:0,logout$
FNDA:0,update
FNDA:0,update$
FNDA:0,upload
FNDA:0,upload$
FNDA:0,onUploadComplete
DA:5,1
DA:7,1
DA:9,0
DA:10,0
DA:11,0
DA:13,0
DA:14,0
DA:15,0
DA:16,0
DA:19,0
DA:21,0
DA:22,0
DA:25,0
DA:27,0
DA:28,0
DA:31,0
DA:32,0
DA:34,0
DA:38,0
DA:43,0
DA:44,0
DA:45,0
DA:47,0
DA:48,0
DA:49,0
DA:50,0
DA:53,0
DA:56,0
DA:57,0
DA:58,0
DA:61,0
DA:62,0
DA:64,0
DA:68,0
DA:73,0
DA:74,0
DA:75,0
DA:77,0
DA:78,0
DA:80,0
DA:83,0
DA:84,0
DA:87,0
DA:90,0
DA:91,0
DA:92,0
DA:95,0
DA:96,0
DA:98,0
DA:102,0
DA:107,0
DA:108,0
DA:109,0
DA:111,0
DA:112,0
DA:114,0
DA:117,0
DA:120,0
DA:122,0
DA:127,0
DA:132,0
DA:133,0
DA:134,0
DA:136,0
DA:137,0
DA:138,0
DA:139,0
DA:142,0
DA:145,0
DA:146,0
DA:147,0
DA:150,0
DA:151,0
DA:153,0
DA:157,0
DA:162,0
DA:163,0
DA:164,0
DA:166,0
DA:167,0
DA:168,0
DA:171,0
DA:174,0
DA:176,0
DA:178,0
DA:183,0
DA:186,0
DA:187,0
DA:188,0
DA:189,0
DA:194,0
LF:91
LH:2
BRDA:11,1,0,0
BRDA:11,1,1,0
BRDA:11,1,2,0
BRDA:11,1,3,0
BRDA:11,1,4,0
BRDA:45,2,0,0
BRDA:45,2,1,0
BRDA:45,2,2,0
BRDA:45,2,3,0
BRDA:45,2,4,0
BRDA:75,3,0,0
BRDA:75,3,1,0
BRDA:75,3,2,0
BRDA:75,3,3,0
BRDA:75,3,4,0
BRDA:109,4,0,0
BRDA:109,4,1,0
BRDA:109,4,2,0
BRDA:134,5,0,0
BRDA:134,5,1,0
BRDA:134,5,2,0
BRDA:134,5,3,0
BRDA:134,5,4,0
BRDA:164,6,0,0
BRDA:164,6,1,0
BRDA:164,6,2,0
BRDA:164,6,3,0
BRDA:166,7,0,0
BRDA:166,7,1,0
BRDA:183,8,0,0
BRDA:183,8,1,0
BRF:31
BRH:0
end_of_record
TN:
SF:/home/zpeng/zpeng/sailsSample/api/policies/sessionAuth.js
FN:12,(anonymous_1)
FNF:1
FNH:0
FNDA:0,(anonymous_1)
DA:12,1
DA:16,0
DA:17,0
DA:22,0
LF:4
LH:1
BRDA:16,1,0,0
BRDA:16,1,1,0
BRF:2
BRH:0
end_of_record
TN:
SF:/home/zpeng/zpeng/sailsSample/api/models/Friend.js
FNF:0
FNH:0
DA:10,1
LF:1
LH:1
BRF:0
BRH:0
end_of_record
TN:
SF:/home/zpeng/zpeng/sailsSample/api/models/User.js
FNF:0
FNH:0
DA:3,1
LF:1
LH:1
BRF:0
BRH:0
end_of_record
